11:05:45 [main] INFO  com.restapi.Controller.EmployeeController - com.restapi.Controller.EmployeeController .HttpResponse<List<Employee>> getAllEmployee()
11:05:45 [main] INFO  com.restapi.Controller.EmployeeController - com.restapi.Controller.EmployeeController .HttpResponse<CustomResponse> addEmployee(@Body Employee employee)
11:05:45 [main] INFO  com.restapi.Controller.EmployeeController - com.restapi.Controller.EmployeeController .HttpResponse<CustomResponse> deleteById(int id)
11:05:45 [main] INFO  com.restapi.Controller.EmployeeController - com.restapi.Controller.EmployeeController .HttpResponse<CustomResponse> updateEmployee(@Body Employee employee ,@PathVariable(id) int id)
11:07:43 [default-nioEventLoopGroup-1-5] INFO  com.restapi.auth.CasbinSecurity - Fall back to Micronaut security as authentication is null
11:09:15 [default-nioEventLoopGroup-1-5] INFO  com.restapi.auth.CasbinSecurity - Casbin Authorization failed for path : /employee/add
11:09:57 [default-nioEventLoopGroup-1-5] INFO  com.restapi.auth.CasbinSecurity - Casbin Authorization failed for path : /Employee/add
11:11:14 [default-nioEventLoopGroup-1-5] INFO  com.restapi.auth.CasbinSecurity - Casbin Authorization failed for path : /Employee/add
11:14:28 [default-nioEventLoopGroup-1-7] INFO  com.restapi.auth.CasbinSecurity - Fall back to Micronaut security as authentication is null
11:15:05 [default-nioEventLoopGroup-1-7] INFO  com.restapi.auth.CasbinSecurity - Casbin Authorization successful for path : /Employee/add
11:22:12 [default-nioEventLoopGroup-1-4] INFO  com.restapi.auth.CasbinSecurity - Fall back to Micronaut security as authentication is null
11:22:47 [default-nioEventLoopGroup-1-4] INFO  com.restapi.auth.CasbinSecurity - Casbin Authorization successful for path : /Employee/add
11:22:48 [default-nioEventLoopGroup-1-4] INFO  com.restapi.Controller.EmployeeController - com.restapi.Controller.EmployeeController .HttpResponse<CustomResponse> addEmployee(@Body Employee employee)
11:22:53 [default-nioEventLoopGroup-1-7] INFO  com.restapi.auth.CasbinSecurity - Fall back to Micronaut security as authentication is null
11:23:10 [default-nioEventLoopGroup-1-8] INFO  com.restapi.auth.CasbinSecurity - Fall back to Micronaut security as authentication is null
11:23:49 [default-nioEventLoopGroup-1-3] INFO  com.restapi.auth.CasbinSecurity - Fall back to Micronaut security as authentication is null
11:23:58 [default-nioEventLoopGroup-1-4] INFO  com.restapi.auth.CasbinSecurity - Fall back to Micronaut security as authentication is null
11:23:59 [default-nioEventLoopGroup-1-5] INFO  com.restapi.auth.CasbinSecurity - Fall back to Micronaut security as authentication is null
11:23:59 [default-nioEventLoopGroup-1-6] INFO  com.restapi.auth.CasbinSecurity - Fall back to Micronaut security as authentication is null
11:24:02 [default-nioEventLoopGroup-1-7] INFO  com.restapi.auth.CasbinSecurity - Fall back to Micronaut security as authentication is null
11:24:02 [default-nioEventLoopGroup-1-8] INFO  com.restapi.auth.CasbinSecurity - Fall back to Micronaut security as authentication is null
11:24:06 [default-nioEventLoopGroup-1-9] INFO  com.restapi.auth.CasbinSecurity - Fall back to Micronaut security as authentication is null
11:24:06 [default-nioEventLoopGroup-1-2] INFO  com.restapi.auth.CasbinSecurity - Fall back to Micronaut security as authentication is null
11:24:07 [default-nioEventLoopGroup-1-3] INFO  com.restapi.auth.CasbinSecurity - Fall back to Micronaut security as authentication is null
11:24:07 [default-nioEventLoopGroup-1-4] INFO  com.restapi.auth.CasbinSecurity - Fall back to Micronaut security as authentication is null
11:24:08 [default-nioEventLoopGroup-1-5] INFO  com.restapi.auth.CasbinSecurity - Fall back to Micronaut security as authentication is null
11:24:08 [default-nioEventLoopGroup-1-6] INFO  com.restapi.auth.CasbinSecurity - Fall back to Micronaut security as authentication is null
11:24:09 [default-nioEventLoopGroup-1-7] INFO  com.restapi.auth.CasbinSecurity - Fall back to Micronaut security as authentication is null
11:24:10 [default-nioEventLoopGroup-1-8] INFO  com.restapi.auth.CasbinSecurity - Fall back to Micronaut security as authentication is null
11:24:10 [default-nioEventLoopGroup-1-9] INFO  com.restapi.auth.CasbinSecurity - Fall back to Micronaut security as authentication is null
11:24:11 [default-nioEventLoopGroup-1-2] INFO  com.restapi.auth.CasbinSecurity - Fall back to Micronaut security as authentication is null
11:24:12 [default-nioEventLoopGroup-1-3] INFO  com.restapi.auth.CasbinSecurity - Fall back to Micronaut security as authentication is null
11:24:12 [default-nioEventLoopGroup-1-4] INFO  com.restapi.auth.CasbinSecurity - Fall back to Micronaut security as authentication is null
11:24:13 [default-nioEventLoopGroup-1-5] INFO  com.restapi.auth.CasbinSecurity - Fall back to Micronaut security as authentication is null
11:24:13 [default-nioEventLoopGroup-1-6] INFO  com.restapi.auth.CasbinSecurity - Fall back to Micronaut security as authentication is null
11:24:14 [default-nioEventLoopGroup-1-7] INFO  com.restapi.auth.CasbinSecurity - Fall back to Micronaut security as authentication is null
